  GeneradorCodigo.cpp
C:\Users\yang_\Desktop\SIS330\CLib\vcpkg\installed\x64-windows\include\inja\renderer.hpp(378,71): warning C4244: 'inicializando': conversión de 'ValueType' a 'int'; posible pérdida de datos
C:\Users\yang_\Desktop\SIS330\CLib\vcpkg\installed\x64-windows\include\inja\renderer.hpp(378,71): warning C4244:         with
C:\Users\yang_\Desktop\SIS330\CLib\vcpkg\installed\x64-windows\include\inja\renderer.hpp(378,71): warning C4244:         [
C:\Users\yang_\Desktop\SIS330\CLib\vcpkg\installed\x64-windows\include\inja\renderer.hpp(378,71): warning C4244:             ValueType=__int64
C:\Users\yang_\Desktop\SIS330\CLib\vcpkg\installed\x64-windows\include\inja\renderer.hpp(378,71): warning C4244:         ]
  (compilando archivo de origen "GeneradorCodigo.cpp")
  
C:\Users\yang_\Desktop\SIS330\CLib\vcpkg\installed\x64-windows\include\inja\renderer.hpp(378,27): warning C4244: 'inicializando': conversión de 'ValueType' a 'const int'; posible pérdida de datos
C:\Users\yang_\Desktop\SIS330\CLib\vcpkg\installed\x64-windows\include\inja\renderer.hpp(378,27): warning C4244:         with
C:\Users\yang_\Desktop\SIS330\CLib\vcpkg\installed\x64-windows\include\inja\renderer.hpp(378,27): warning C4244:         [
C:\Users\yang_\Desktop\SIS330\CLib\vcpkg\installed\x64-windows\include\inja\renderer.hpp(378,27): warning C4244:             ValueType=__int64
C:\Users\yang_\Desktop\SIS330\CLib\vcpkg\installed\x64-windows\include\inja\renderer.hpp(378,27): warning C4244:         ]
  (compilando archivo de origen "GeneradorCodigo.cpp")
  
  GestorAuditoria.cpp
C:\Users\yang_\Desktop\MateriasUniversidad\SHC134\SHC134DatabaseProjectManagerCpp\GestorAuditoria.cpp(168,36): warning C4267: 'argumento': conversión de 'size_t' a 'mysqlx::abi2::r0::col_count_t'; posible pérdida de datos
C:\Users\yang_\Desktop\MateriasUniversidad\SHC134\SHC134DatabaseProjectManagerCpp\GestorAuditoria.cpp(168,63): warning C4267: 'argumento': conversión de 'size_t' a 'mysqlx::abi2::r0::col_count_t'; posible pérdida de datos
  GestorBaseDatos.cpp
  GestorEncriptacion.cpp
C:\Users\yang_\Desktop\MateriasUniversidad\SHC134\SHC134DatabaseProjectManagerCpp\GestorEncriptacion.cpp(25,144): warning C4267: 'argumento': conversión de 'size_t' a 'int'; posible pérdida de datos
C:\Users\yang_\Desktop\MateriasUniversidad\SHC134\SHC134DatabaseProjectManagerCpp\GestorEncriptacion.cpp(55,103): warning C4267: 'argumento': conversión de 'size_t' a 'int'; posible pérdida de datos
  GestorSeguridad.cpp
C:\Users\yang_\Desktop\MateriasUniversidad\SHC134\SHC134DatabaseProjectManagerCpp\GestorSeguridad.cpp(112,89): warning C4244: 'argumento': conversión de 'std::streamsize' a 'int'; posible pérdida de datos
C:\Users\yang_\Desktop\MateriasUniversidad\SHC134\SHC134DatabaseProjectManagerCpp\GestorSeguridad.cpp(152,89): warning C4244: 'argumento': conversión de 'std::streamsize' a 'int'; posible pérdida de datos
  main.cpp
  Generando código
  Previous IPDB not found, fall back to full compilation.
  All 5455 functions were compiled because no usable IPDB/IOBJ from previous compilation was found.
  Generación de código finalizada
  SHC134DatabaseProjectManagerCpp.vcxproj -> C:\Users\yang_\Desktop\MateriasUniversidad\SHC134\SHC134DatabaseProjectManagerCpp\x64\Release\SHC134DatabaseProjectManagerCpp.exe
  "pwsh.exe" no se reconoce como un comando interno o externo,
  programa o archivo por lotes ejecutable.
